2023-01-16 20:01:52.671 [info] Log level: Info
2023-01-16 20:01:52.671 [info] Validating found git in: "git"
2023-01-16 20:01:52.671 [info] Using git "2.37.3" from "git"
2023-01-16 20:01:52.672 [info] > git rev-parse --show-toplevel [8ms]
2023-01-16 20:01:52.672 [info] > git rev-parse --git-dir --git-common-dir [9ms]
2023-01-16 20:01:52.672 [info] Open repository: /workspace/exercise-terminal-challenge
2023-01-16 20:01:52.672 [info] > git rev-parse --show-toplevel [13ms]
2023-01-16 20:01:52.672 [info] > git config --get commit.template [9ms]
2023-01-16 20:01:52.672 [info] > git rev-parse --show-toplevel [2ms]
2023-01-16 20:01:52.672 [info] > git for-each-ref --format=%(refname)%00%(upstream:short)%00%(objectname)%00%(upstream:track)%00%(upstream:remotename)%00%(upstream:remoteref) refs/heads/master refs/remotes/master [1ms]
2023-01-16 20:01:52.672 [info] > git rev-parse --show-toplevel [23ms]
2023-01-16 20:01:52.672 [info] > git status -z -uall [17ms]
2023-01-16 20:01:52.672 [info] > git for-each-ref --sort -committerdate --format %(refname) %(objectname) %(*objectname) [11ms]
2023-01-16 20:01:52.672 [info] > git config --get commit.template [2ms]
2023-01-16 20:01:52.672 [info] > git for-each-ref --format=%(refname)%00%(upstream:short)%00%(objectname)%00%(upstream:track)%00%(upstream:remotename)%00%(upstream:remoteref) refs/heads/master refs/remotes/master [17ms]
2023-01-16 20:01:52.672 [info] > git status -z -uall [9ms]
2023-01-16 20:01:52.672 [info] > git for-each-ref --sort -committerdate --format %(refname) %(objectname) %(*objectname) [3ms]
2023-01-16 20:01:52.672 [info] > git check-ignore -v -z --stdin [2ms]
2023-01-16 20:01:53.598 [info] > git config --local branch.master.github-pr-owner-number [51ms]
2023-01-16 20:02:36.829 [info] > git config --get commit.template [8ms]
2023-01-16 20:02:36.829 [info] > git for-each-ref --format=%(refname)%00%(upstream:short)%00%(objectname)%00%(upstream:track)%00%(upstream:remotename)%00%(upstream:remoteref) refs/heads/master refs/remotes/master [2ms]
2023-01-16 20:02:36.852 [info] > git status -z -uall [15ms]
2023-01-16 20:02:36.854 [info] > git for-each-ref --sort -committerdate --format %(refname) %(objectname) %(*objectname) [2ms]
2023-01-16 20:02:42.929 [info] > git config --get commit.template [7ms]
2023-01-16 20:02:42.929 [info] > git for-each-ref --format=%(refname)%00%(upstream:short)%00%(objectname)%00%(upstream:track)%00%(upstream:remotename)%00%(upstream:remoteref) refs/heads/master refs/remotes/master [2ms]
2023-01-16 20:02:42.941 [info] > git status -z -uall [6ms]
2023-01-16 20:02:42.943 [info] > git for-each-ref --sort -committerdate --format %(refname) %(objectname) %(*objectname) [2ms]
2023-01-16 20:03:56.265 [info] > git config --get commit.template [7ms]
2023-01-16 20:03:56.266 [info] > git for-each-ref --format=%(refname)%00%(upstream:short)%00%(objectname)%00%(upstream:track)%00%(upstream:remotename)%00%(upstream:remoteref) refs/heads/master refs/remotes/master [1ms]
2023-01-16 20:03:56.278 [info] > git status -z -uall [7ms]
2023-01-16 20:03:56.280 [info] > git for-each-ref --sort -committerdate --format %(refname) %(objectname) %(*objectname) [2ms]
2023-01-16 20:04:42.136 [info] > git for-each-ref --format=%(refname)%00%(upstream:short)%00%(objectname)%00%(upstream:track)%00%(upstream:remotename)%00%(upstream:remoteref) refs/heads/master refs/remotes/master [3ms]
2023-01-16 20:04:42.136 [info] > git config --get commit.template [9ms]
2023-01-16 20:04:42.154 [info] > git status -z -uall [8ms]
2023-01-16 20:04:42.156 [info] > git for-each-ref --sort -committerdate --format %(refname) %(objectname) %(*objectname) [2ms]
2023-01-16 20:04:47.198 [info] > git for-each-ref --format=%(refname)%00%(upstream:short)%00%(objectname)%00%(upstream:track)%00%(upstream:remotename)%00%(upstream:remoteref) refs/heads/master refs/remotes/master [1ms]
2023-01-16 20:04:47.199 [info] > git config --get commit.template [8ms]
2023-01-16 20:04:47.214 [info] > git status -z -uall [8ms]
2023-01-16 20:04:47.215 [info] > git for-each-ref --sort -committerdate --format %(refname) %(objectname) %(*objectname) [1ms]
2023-01-16 20:04:53.350 [info] > git config --get commit.template [10ms]
2023-01-16 20:04:53.351 [info] > git for-each-ref --format=%(refname)%00%(upstream:short)%00%(objectname)%00%(upstream:track)%00%(upstream:remotename)%00%(upstream:remoteref) refs/heads/master refs/remotes/master [1ms]
2023-01-16 20:04:53.369 [info] > git status -z -uall [8ms]
2023-01-16 20:04:53.371 [info] > git for-each-ref --sort -committerdate --format %(refname) %(objectname) %(*objectname) [2ms]
2023-01-16 20:05:16.573 [info] > git config --get commit.template [25ms]
2023-01-16 20:05:16.573 [info] > git for-each-ref --format=%(refname)%00%(upstream:short)%00%(objectname)%00%(upstream:track)%00%(upstream:remotename)%00%(upstream:remoteref) refs/heads/master refs/remotes/master [2ms]
2023-01-16 20:05:16.587 [info] > git status -z -uall [8ms]
2023-01-16 20:05:16.589 [info] > git for-each-ref --sort -committerdate --format %(refname) %(objectname) %(*objectname) [3ms]
2023-01-16 20:07:32.668 [info] > git config --get commit.template [10ms]
2023-01-16 20:07:32.669 [info] > git for-each-ref --format=%(refname)%00%(upstream:short)%00%(objectname)%00%(upstream:track)%00%(upstream:remotename)%00%(upstream:remoteref) refs/heads/master refs/remotes/master [1ms]
2023-01-16 20:07:32.685 [info] > git status -z -uall [7ms]
2023-01-16 20:07:32.686 [info] > git for-each-ref --sort -committerdate --format %(refname) %(objectname) %(*objectname) [2ms]
2023-01-16 20:07:37.706 [info] > git config --get commit.template [7ms]
2023-01-16 20:07:37.707 [info] > git for-each-ref --format=%(refname)%00%(upstream:short)%00%(objectname)%00%(upstream:track)%00%(upstream:remotename)%00%(upstream:remoteref) refs/heads/master refs/remotes/master [1ms]
2023-01-16 20:07:37.719 [info] > git status -z -uall [7ms]
2023-01-16 20:07:37.720 [info] > git for-each-ref --sort -committerdate --format %(refname) %(objectname) %(*objectname) [1ms]
2023-01-16 20:07:45.864 [info] > git config --get commit.template [7ms]
2023-01-16 20:07:45.865 [info] > git for-each-ref --format=%(refname)%00%(upstream:short)%00%(objectname)%00%(upstream:track)%00%(upstream:remotename)%00%(upstream:remoteref) refs/heads/master refs/remotes/master [2ms]
2023-01-16 20:07:45.877 [info] > git status -z -uall [7ms]
2023-01-16 20:07:45.878 [info] > git for-each-ref --sort -committerdate --format %(refname) %(objectname) %(*objectname) [1ms]
