2023-01-16 17:48:47.468 [info] Log level: Info
2023-01-16 17:48:47.468 [info] Validating found git in: "git"
2023-01-16 17:48:47.468 [info] Using git "2.37.3" from "git"
2023-01-16 17:48:47.468 [info] > git rev-parse --show-toplevel [40ms]
2023-01-16 17:48:47.468 [info] > git rev-parse --git-dir --git-common-dir [10ms]
2023-01-16 17:48:47.468 [info] Open repository: /workspace/exercise-terminal-challenge
2023-01-16 17:48:47.468 [info] > git config --get commit.template [6ms]
2023-01-16 17:48:47.468 [info] > git rev-parse --show-toplevel [13ms]
2023-01-16 17:48:47.468 [info] > git for-each-ref --format=%(refname)%00%(upstream:short)%00%(objectname)%00%(upstream:track)%00%(upstream:remotename)%00%(upstream:remoteref) refs/heads/master refs/remotes/master [2ms]
2023-01-16 17:48:47.468 [info] > git rev-parse --show-toplevel [50ms]
2023-01-16 17:48:47.468 [info] > git status -z -uall [20ms]
2023-01-16 17:48:47.468 [info] > git rev-parse --show-toplevel [5ms]
2023-01-16 17:48:47.468 [info] > git for-each-ref --sort -committerdate --format %(refname) %(objectname) %(*objectname) [16ms]
2023-01-16 17:48:47.468 [info] > git config --get commit.template [3ms]
2023-01-16 17:48:47.468 [info] > git for-each-ref --format=%(refname)%00%(upstream:short)%00%(objectname)%00%(upstream:track)%00%(upstream:remotename)%00%(upstream:remoteref) refs/heads/master refs/remotes/master [7ms]
2023-01-16 17:48:47.468 [info] > git status -z -uall [11ms]
2023-01-16 17:48:47.468 [info] > git for-each-ref --sort -committerdate --format %(refname) %(objectname) %(*objectname) [4ms]
2023-01-16 17:48:47.468 [info] > git check-ignore -v -z --stdin [1ms]
2023-01-16 17:48:48.700 [info] > git config --local branch.master.github-pr-owner-number [99ms]
2023-01-16 17:49:15.513 [info] > git config --get commit.template [2ms]
2023-01-16 17:49:15.520 [info] > git for-each-ref --format=%(refname)%00%(upstream:short)%00%(objectname)%00%(upstream:track)%00%(upstream:remotename)%00%(upstream:remoteref) refs/heads/master refs/remotes/master [1ms]
2023-01-16 17:49:15.538 [info] > git status -z -uall [9ms]
2023-01-16 17:49:15.539 [info] > git for-each-ref --sort -committerdate --format %(refname) %(objectname) %(*objectname) [2ms]
2023-01-16 17:52:29.832 [info] > git check-ignore -v -z --stdin [1ms]
2023-01-16 18:56:01.813 [info] > git config --get commit.template [7ms]
2023-01-16 18:56:01.814 [info] > git for-each-ref --format=%(refname)%00%(upstream:short)%00%(objectname)%00%(upstream:track)%00%(upstream:remotename)%00%(upstream:remoteref) refs/heads/master refs/remotes/master [2ms]
2023-01-16 18:56:01.832 [info] > git for-each-ref --sort -committerdate --format %(refname) %(objectname) %(*objectname) [2ms]
2023-01-16 18:56:01.843 [info] > git status -z -uall [21ms]
2023-01-16 19:15:44.545 [info] > git config --get commit.template [7ms]
2023-01-16 19:15:44.546 [info] > git for-each-ref --format=%(refname)%00%(upstream:short)%00%(objectname)%00%(upstream:track)%00%(upstream:remotename)%00%(upstream:remoteref) refs/heads/master refs/remotes/master [1ms]
2023-01-16 19:15:44.558 [info] > git status -z -uall [6ms]
2023-01-16 19:15:44.559 [info] > git for-each-ref --sort -committerdate --format %(refname) %(objectname) %(*objectname) [1ms]
2023-01-16 19:19:10.252 [info] > git config --get commit.template [7ms]
2023-01-16 19:19:10.253 [info] > git for-each-ref --format=%(refname)%00%(upstream:short)%00%(objectname)%00%(upstream:track)%00%(upstream:remotename)%00%(upstream:remoteref) refs/heads/master refs/remotes/master [2ms]
2023-01-16 19:19:10.265 [info] > git status -z -uall [7ms]
2023-01-16 19:19:10.265 [info] > git for-each-ref --sort -committerdate --format %(refname) %(objectname) %(*objectname) [2ms]
2023-01-16 19:31:42.733 [info] > git config --get commit.template [11ms]
2023-01-16 19:31:42.734 [info] > git for-each-ref --format=%(refname)%00%(upstream:short)%00%(objectname)%00%(upstream:track)%00%(upstream:remotename)%00%(upstream:remoteref) refs/heads/master refs/remotes/master [1ms]
2023-01-16 19:31:42.746 [info] > git status -z -uall [6ms]
2023-01-16 19:31:42.747 [info] > git for-each-ref --sort -committerdate --format %(refname) %(objectname) %(*objectname) [1ms]
2023-01-16 19:36:20.392 [info] > git config --get commit.template [6ms]
2023-01-16 19:36:20.393 [info] > git for-each-ref --format=%(refname)%00%(upstream:short)%00%(objectname)%00%(upstream:track)%00%(upstream:remotename)%00%(upstream:remoteref) refs/heads/master refs/remotes/master [1ms]
2023-01-16 19:36:20.404 [info] > git status -z -uall [6ms]
2023-01-16 19:36:20.405 [info] > git for-each-ref --sort -committerdate --format %(refname) %(objectname) %(*objectname) [1ms]
2023-01-16 19:43:11.827 [info] > git config --get commit.template [10ms]
2023-01-16 19:43:11.828 [info] > git for-each-ref --format=%(refname)%00%(upstream:short)%00%(objectname)%00%(upstream:track)%00%(upstream:remotename)%00%(upstream:remoteref) refs/heads/master refs/remotes/master [2ms]
2023-01-16 19:43:11.847 [info] > git status -z -uall [10ms]
2023-01-16 19:43:11.848 [info] > git for-each-ref --sort -committerdate --format %(refname) %(objectname) %(*objectname) [1ms]
2023-01-16 20:01:28.660 [info] > git config --get commit.template [6ms]
2023-01-16 20:01:28.660 [info] > git for-each-ref --format=%(refname)%00%(upstream:short)%00%(objectname)%00%(upstream:track)%00%(upstream:remotename)%00%(upstream:remoteref) refs/heads/master refs/remotes/master [1ms]
2023-01-16 20:01:28.677 [info] > git status -z -uall [9ms]
2023-01-16 20:01:28.678 [info] > git for-each-ref --sort -committerdate --format %(refname) %(objectname) %(*objectname) [1ms]
